<?xml version="1.0" encoding="UTF-8"?>
<!-- Generated by org.testng.reporters.JUnitReportReporter -->
<testsuite hostname="DESKTOP-2SCAOE5" failures="0" tests="1" name="com.base.TestBase" time="15.133" errors="0" timestamp="4 Mar 2020 11:43:58 GMT">
  <testcase classname="com.base.TestBase" name="demo" time="15.133"/>
</testsuite> <!-- com.base.TestBase -->
